<?xml version="1.0" encoding="UTF-8"?>
<testsuite xmlns:xsi="http://www.w3.org/2001/XMLSchema-instance" xsi:noNamespaceSchemaLocation="https://maven.apache.org/surefire/maven-surefire-plugin/xsd/surefire-test-report-3.0.xsd" version="3.0" name="org.acme.orderpicking.solver.OrderPickingConstraintProviderTest" time="2.284" tests="4" errors="0" skipped="0" failures="0">
  <properties>
[...]
</properties>
  <testcase name="minimizeDistanceFromLastTrolleyStepToPathOrigin" classname="org.acme.orderpicking.solver.OrderPickingConstraintProviderTest" time="0.407">
    <system-out><![CDATA[2024-03-10 22:49:30,527 INFO  [io.quarkus] (main) optaplanner-quarkus-order-picking-quickstart 1.0-SNAPSHOT on JVM (powered by Quarkus 2.16.10.Final) started in 0.784s. Listening on: http://localhost:8081
2024-03-10 22:49:30,528 INFO  [io.quarkus] (main) Profile test activated. 
2024-03-10 22:49:30,528 INFO  [io.quarkus] (main) Installed features: [cdi, optaplanner-solver, resteasy, resteasy-jackson, smallrye-context-propagation, vertx, webjars-locator]
]]></system-out>
  </testcase>
  <testcase name="minimizeDistanceFromPreviousTrolleyStep" classname="org.acme.orderpicking.solver.OrderPickingConstraintProviderTest" time="0.104"/>
  <testcase name="minimizeOrderSplitByTrolley" classname="org.acme.orderpicking.solver.OrderPickingConstraintProviderTest" time="0.095"/>
  <testcase name="requiredNumberOfBucketsWithPenalization" classname="org.acme.orderpicking.solver.OrderPickingConstraintProviderTest" time="0.09"/>
</testsuite>